lib_base/build/intermediates/manifest_merge_blame_file/release/manifest-merger-blame-release-report.txt
1<?xml version="1.0" encoding="utf-8"?>
2<manifest xmlns:android="http://schemas.android.com/apk/res/android"
3    xmlns:tools="http://schemas.android.com/tools"
4    package="com.example.lib_base" > <!-- <uses-permission android:name="com.google.android.gms.permission.AD_ID"/> -->
5    <!-- <protected-broadcast android:name="android.intent.action.SCREEN_OFF" /> -->
6    <!-- <protected-broadcast android:name="android.intent.action.SCREEN_ON" /> -->
7    <!-- <protected-broadcast android:name="android.intent.action.DOCK_IDLE" /> -->
8    <!-- <protected-broadcast android:name="android.intent.action.DOCK_ACTIVE" /> -->
9    <!-- <protected-broadcast android:name="android.intent.action.APPLICATION_MESSAGE_UPDATE" /> -->
10    <!-- <uses-permission android:name="android.permission.MANAGE_EXTERNAL_STORAGE" -->
11    <!-- tools:ignore="ScopedStorage" /> -->
12    <!-- <uses-permission android:name="android.permission.REQUEST_INSTALL_PACKAGES" /> -->
13    <uses-sdk
14        android:minSdkVersion="21"
14-->src\main\AndroidManifest.xml
15        android:targetSdkVersion="33" />
15-->src\main\AndroidManifest.xml
16
17    <uses-feature
17-->src\main\AndroidManifest.xml:6:5-8:36
18        android:name="android.hardware.camera"
18-->src\main\AndroidManifest.xml:7:9-47
19        android:required="false" />
19-->src\main\AndroidManifest.xml:8:9-33
20
21    <uses-permission android:name="android.permission.CAMERA" />
21-->src\main\AndroidManifest.xml:9:5-65
21-->src\main\AndroidManifest.xml:9:22-62
22    <uses-permission android:name="android.permission.ACCESS_NETWORK_STATE" /> <!-- 请求访问网络 -->
22-->src\main\AndroidManifest.xml:10:5-79
22-->src\main\AndroidManifest.xml:10:22-76
23    <uses-permission android:name="android.permission.INTERNET" />
23-->src\main\AndroidManifest.xml:11:5-67
23-->src\main\AndroidManifest.xml:11:22-64
24    <uses-permission
24-->src\main\AndroidManifest.xml:12:5-13:37
25        android:name="android.permission.READ_EXTERNAL_STORAGE"
25-->src\main\AndroidManifest.xml:12:22-77
26        android:maxSdkVersion="32" />
26-->src\main\AndroidManifest.xml:13:9-35
27    <uses-permission android:name="android.permission.SYSTEM_ALERT_WINDOW" />
27-->src\main\AndroidManifest.xml:14:5-78
27-->src\main\AndroidManifest.xml:14:22-75
28    <uses-permission android:name="android.permission.ACCESS_WIFI_STATE" />
28-->src\main\AndroidManifest.xml:15:5-76
28-->src\main\AndroidManifest.xml:15:22-73
29    <uses-permission
29-->src\main\AndroidManifest.xml:16:5-17:47
30        android:name="android.permission.WRITE_SETTINGS"
30-->src\main\AndroidManifest.xml:16:22-70
31        tools:ignore="ProtectedPermissions" />
31-->src\main\AndroidManifest.xml:17:9-44
32    <uses-permission
32-->src\main\AndroidManifest.xml:18:5-119
33        android:name="android.permission.MOUNT_UNMOUNT_FILESYSTEMS"
33-->src\main\AndroidManifest.xml:18:22-81
34        tools:ignore="ProtectedPermissions" />
34-->src\main\AndroidManifest.xml:18:82-117
35    <uses-permission android:name="com.android.vending.BILLING" />
35-->src\main\AndroidManifest.xml:19:5-67
35-->src\main\AndroidManifest.xml:19:22-64
36    <uses-permission android:name="com.farsitel.bazaar.permission.PAY_THROUGH_BAZAAR" />
36-->src\main\AndroidManifest.xml:20:5-89
36-->src\main\AndroidManifest.xml:20:22-86
37    <uses-permission android:name="android.permission.READ_CONTACTS" />
37-->src\main\AndroidManifest.xml:21:5-71
37-->src\main\AndroidManifest.xml:21:22-69
38    <uses-permission
38-->src\main\AndroidManifest.xml:22:5-23:47
39        android:name="android.permission.READ_DEVICE_CONFIG"
39-->src\main\AndroidManifest.xml:22:22-74
40        tools:ignore="ProtectedPermissions" />
40-->src\main\AndroidManifest.xml:23:9-44
41    <uses-permission
41-->src\main\AndroidManifest.xml:24:5-25:47
42        android:name="android.permission.WRITE_DEVICE_CONFIG"
42-->src\main\AndroidManifest.xml:24:22-75
43        tools:ignore="ProtectedPermissions" />
43-->src\main\AndroidManifest.xml:25:9-44
44    <uses-permission android:name="com.google.android.gms.permission.AD_ID" />
44-->src\main\AndroidManifest.xml:27:5-78
44-->src\main\AndroidManifest.xml:27:22-76
45    <uses-permission
45-->src\main\AndroidManifest.xml:22:5-23:47
46        android:name="android.permission.READ_DEVICE_CONFIG"
46-->src\main\AndroidManifest.xml:22:22-74
47        tools:ignore="ProtectedPermissions" />
47-->src\main\AndroidManifest.xml:23:9-44
48    <uses-permission
48-->src\main\AndroidManifest.xml:24:5-25:47
49        android:name="android.permission.WRITE_DEVICE_CONFIG"
49-->src\main\AndroidManifest.xml:24:22-75
50        tools:ignore="ProtectedPermissions" />
50-->src\main\AndroidManifest.xml:25:9-44
51    <!-- Android13适配通知栏权限 -->
52    <uses-permission android:name="android.permission.POST_NOTIFICATIONS" />
52-->src\main\AndroidManifest.xml:33:5-76
52-->src\main\AndroidManifest.xml:33:22-74
53
54</manifest>